0 info it worked if it ends with ok
1 verbose cli [ 'C:\\Users\\Chandrashekar Malagi\\node.exe',
1 verbose cli   'C:\\Users\\Chandrashekar Malagi\\node_modules\\npm\\bin\\npm-cli.js',
1 verbose cli   'init' ]
2 info using npm@3.10.10
3 info using node@v6.11.2
4 verbose config Skipping project config: C:\Users\Chandrashekar Malagi/.npmrc. (matches userconfig)
5 verbose stack Error: kill ENOSYS
5 verbose stack     at exports._errnoException (util.js:1020:11)
5 verbose stack     at process.kill (internal/process.js:190:13)
5 verbose stack     at process.listener (C:\Users\Chandrashekar Malagi\node_modules\npm\node_modules\npmlog\node_modules\gauge\node_modules\signal-exit\index.js:86:15)
5 verbose stack     at emitNone (events.js:91:20)
5 verbose stack     at process.emit (events.js:185:7)
5 verbose stack     at processEmit (C:\Users\Chandrashekar Malagi\node_modules\npm\node_modules\npmlog\node_modules\gauge\node_modules\signal-exit\index.js:146:32)
5 verbose stack     at processEmit (C:\Users\Chandrashekar Malagi\node_modules\npm\node_modules\npm-registry-client\node_modules\npmlog\node_modules\gauge\node_modules\signal-exit\index.js:146:32)
5 verbose stack     at Signal.wrap.onsignal (internal/process.js:217:44)
6 verbose cwd C:\Users\Chandrashekar Malagi
7 error Windows_NT 10.0.14393
8 error argv "C:\\Users\\Chandrashekar Malagi\\node.exe" "C:\\Users\\Chandrashekar Malagi\\node_modules\\npm\\bin\\npm-cli.js" "init"
9 error node v6.11.2
10 error npm  v3.10.10
11 error code ENOSYS
12 error errno ENOSYS
13 error syscall kill
14 error kill ENOSYS
15 error If you need help, you may report this error at:
15 error     <https://github.com/npm/npm/issues>
16 verbose exit [ 1, true ]
